C51 COMPILER V9.52.0.0   MAIN                                                              05/06/2019 14:55:08 PAGE 1   


C51 COMPILER V9.52.0.0, COMPILATION OF MODULE MAIN
OBJECT MODULE PLACED IN main.OBJ
COMPILER INVOKED BY: D:\keil4\C51\BIN\C51.EXE main.c BROWSE DEBUG OBJECTEXTEND TABS(2)

line level    source

   1          /*******************************************************************************
   2          * 实验名         :温度显示实验
   3          * 使用的IO       : 
   4          * 实验效果       :1602显示温度
   5          * 注意           ：
   6          *******************************************************************************/
   7          
   8          #include "reg51.h"
   9          #include "lcd.h"
  10          #include "temp.h"
  11          
  12          sbit key1 = P3^1;//设置加
  13          sbit key2 = P3^0;//设置减
  14          sbit key3 = P3^2;//复位初始值
  15          sbit key4 = P3^3;//设置确认
  16          sbit beep = P1^5;
  17          void LcdDisplay(int);
  18          //void keyross();
  19          uchar string[] = "up:36 down:5";  //默认初始化的上限下限值
  20          uchar flag = 0;  
  21          void keyross();
  22          /*******************************************************************************
  23          * 函数名         : main
  24          * 函数功能       : 主函数
  25          * 输入           : 无
  26          * 输出           : 无
  27          *******************************************************************************/
  28          
  29          void main()
  30          {
  31   1        
  32   1        LcdInit();       //初始化LCD1602
  33   1        LcdWriteCom(0x88);  //写地址 80表示初始地址第8个位置
  34   1        LcdWriteData('C');  
  35   1        while(1)
  36   1        {
  37   2          LcdDisplay(Ds18b20ReadTemp());
  38   2          Lcd1602_Delay1ms(1000);
  39   2          /*
  40   2          if(j <= 5) //小于等于5时 蜂鸣器响
  41   2            flag = 1; 
  42   2          else //否则不响
  43   2            flag = 0;
  44   2            
  45   2          if(flag)
  46   2          {
  47   2            beep =~beep;
  48   2            Lcd1602_Delay1ms(1);
  49   2          }
  50   2          */
  51   2          
  52   2        }
  53   1      }
  54          /*******************************************************************************
  55          * 函数名         : keyross
C51 COMPILER V9.52.0.0   MAIN                                                              05/06/2019 14:55:08 PAGE 2   

  56          * 函数功能       : 按键处理函数
  57          * 输入           : 无
  58          * 输出           : 无
  59          *******************************************************************************/
  60          void keyross()
  61          {
  62   1         char j=0,n=1,m,p;
  63   1         if(key1==0)
  64   1        {
  65   2          Lcd1602_Delay1ms(30);
  66   2          if(key1==0)
  67   2          {
  68   3            j++;
  69   3            LcdWriteCom(0x44+0x80);
  70   3            m = string[4]+j;
  71   3            LcdWriteData(m);  
  72   3            if(m > '9')
  73   3            {
  74   4              j=0;
  75   4              LcdWriteCom(0x43+0x80);
  76   4              p = string[3]+n;
  77   4              LcdWriteData(p);
  78   4            }
  79   3          } 
  80   2          while(!key1);
  81   2        }  
  82   1        if(key2==0)
  83   1        {
  84   2          Lcd1602_Delay1ms(30);
  85   2          
  86   2          if(key2==0)
  87   2          {
  88   3            j--;
  89   3            LcdWriteCom(0x44+0x80);
  90   3            LcdWriteData(string[4]-j);  
  91   3            if(string[4]-j<'0')
  92   3            {
  93   4              j=9;
  94   4              LcdWriteCom(0x43+0x80);
  95   4              LcdWriteData(string[3]-n);
  96   4            }
  97   3          } 
  98   2          while(!key2);
  99   2        }   
 100   1      if(key3==0)
 101   1        {
 102   2          Lcd1602_Delay1ms(30);
 103   2          
 104   2          if(key3==0)
 105   2          {
 106   3            LcdWriteCom(0x43+0x80);
 107   3            LcdWriteData(string[3]);
 108   3            LcdWriteCom(0x44+0x80);
 109   3            LcdWriteData(string[4]);
 110   3            
 111   3            LcdWriteCom(0x51+0x80);
 112   3            LcdWriteData(string[11]);       
 113   3          } 
 114   2          while(!key3);
 115   2        } 
 116   1      }
 117          /*******************************************************************************
C51 COMPILER V9.52.0.0   MAIN                                                              05/06/2019 14:55:08 PAGE 3   

 118          * 函数名         : LcdDisplay()
 119          * 函数功能       : LCD显示读取到的温度
 120          * 输入           : v
 121          * 输出           : 无
 122          *******************************************************************************/
 123          void LcdDisplay(int temp) //lcd显示
 124          {
 125   1          
 126   1        uchar ds18b20_datas[] = {0, 0, 0, 0, 0}; //定义显示ds18b20显示数组
 127   1        uchar i;
 128   1        float tp;  
 129   1        if(temp < 0)        //当温度值为负数
 130   1          {
 131   2          LcdWriteCom(0x80);    //写地址 80表示初始地址
 132   2          LcdWriteData('-');      //显示负
 133   2          //因为读取的温度是实际温度的补码，所以减1，再取反求出原码
 134   2          temp=temp-1;
 135   2          temp=~temp;
 136   2          tp=temp;
 137   2          temp=tp*0.0625*100+0.5; 
 138   2          //留两个小数点就*100，+0.5是四舍五入，因为C语言浮点数转换为整型的时候把小数点
 139   2          //后面的数自动去掉，不管是否大于0.5，而+0.5之后大于0.5的就是进1了，小于0.5的就
 140   2          //算由.5，还是在小数点后面。
 141   2          }
 142   1        else
 143   1          {     
 144   2            LcdWriteCom(0x80);    //写地址 80表示初始地址
 145   2            LcdWriteData('+');    //显示正
 146   2            tp=temp;//因为数据处理有小数点所以将温度赋给一个浮点型变量
 147   2            //如果温度是正的那么，那么正数的原码就是补码它本身
 148   2            temp=tp*0.0625*100+0.5; 
 149   2            //留两个小数点就*100，+0.5是四舍五入，因为C语言浮点数转换为整型的时候把小数点
 150   2            //后面的数自动去掉，不管是否大于0.5，而+0.5之后大于0.5的就是进1了，小于0.5的就
 151   2            //算加上0.5，还是在小数点后面。
 152   2        }
 153   1        ds18b20_datas[0] = temp / 10000;
 154   1        ds18b20_datas[1] = temp % 10000 / 1000;
 155   1        ds18b20_datas[2] = temp % 1000 / 100;
 156   1        ds18b20_datas[3] = temp % 100 / 10;
 157   1        ds18b20_datas[4] = temp % 10;
 158   1        
 159   1      
 160   1        //ds18b20的显示数据
 161   1        LcdWriteCom(0x82);      //写地址 80表示初始地址
 162   1        LcdWriteData('0'+ds18b20_datas[0]); //百位 
 163   1        
 164   1        LcdWriteCom(0x83);     //写地址 80表示初始地址
 165   1        LcdWriteData('0'+ds18b20_datas[1]); //十位
 166   1      
 167   1        LcdWriteCom(0x84);    //写地址 80表示初始地址
 168   1        LcdWriteData('0'+ds18b20_datas[2]); //个位 
 169   1      
 170   1        LcdWriteCom(0x85);    //写地址 80表示初始地址
 171   1        LcdWriteData('.');    //显示 ‘.’
 172   1      
 173   1        LcdWriteCom(0x86);     //写地址 80表示初始地址
 174   1        LcdWriteData('0'+ds18b20_datas[3]); //显示小数点  
 175   1      
 176   1        LcdWriteCom(0x87);     //写地址 80表示初始地址
 177   1        LcdWriteData('0'+ds18b20_datas[4]); //显示小数点
 178   1        
 179   1        
C51 COMPILER V9.52.0.0   MAIN                                                              05/06/2019 14:55:08 PAGE 4   

 180   1        //显示上限，下限值    
 181   1        LcdWriteCom(0x40+0x80);
 182   1        for(i=0;i<12;i++)
 183   1        {
 184   2          LcdWriteData(string[i]);  
 185   2        }
 186   1        keyross();
 187   1      }
 188          


MODULE INFORMATION:   STATIC OVERLAYABLE
   CODE SIZE        =    524    ----
   CONSTANT SIZE    =      5    ----
   XDATA SIZE       =   ----    ----
   PDATA SIZE       =   ----    ----
   DATA SIZE        =     14      15
   IDATA SIZE       =   ----    ----
   BIT SIZE         =   ----    ----
END OF MODULE INFORMATION.


C51 COMPILATION COMPLETE.  0 WARNING(S),  0 ERROR(S)
